2022-04-05 23:23:15.096  INFO 28324 --- [main] c.H.S.SpringBootRestSerivicesApplication : Starting SpringBootRestSerivicesApplication using Java 17.0.2 on LAPTOP-N9EOBAOR with PID 28324 (C:\Users\hp\Downloads\SpringBootRestSerivices\target\classes started by hp in C:\Users\hp\Downloads\SpringBootRestSerivices)
2022-04-05 23:23:15.099  INFO 28324 --- [main] c.H.S.SpringBootRestSerivicesApplication : No active profile set, falling back to 1 default profile: "default"
2022-04-05 23:23:15.837  INFO 28324 --- [main] .s.d.r.c.RepositoryConfigurationDelegate : Bootstrapping Spring Data JPA repositories in DEFAULT mode.
2022-04-05 23:23:15.887  INFO 28324 --- [main] .s.d.r.c.RepositoryConfigurationDelegate : Finished Spring Data repository scanning in 40 ms. Found 1 JPA repository interfaces.
2022-04-05 23:23:16.362  INFO 28324 --- [main] o.s.b.w.embedded.tomcat.TomcatWebServer  : Tomcat initialized with port(s): 8080 (http)
2022-04-05 23:23:16.371  INFO 28324 --- [main] o.apache.catalina.core.StandardService   : Starting service [Tomcat]
2022-04-05 23:23:16.371  INFO 28324 --- [main] org.apache.catalina.core.StandardEngine  : Starting Servlet engine: [Apache Tomcat/9.0.58]
2022-04-05 23:23:16.447  INFO 28324 --- [main] o.a.c.c.C.[Tomcat].[localhost].[/]       : Initializing Spring embedded WebApplicationContext
2022-04-05 23:23:16.448  INFO 28324 --- [main] w.s.c.ServletWebServerApplicationContext : Root WebApplicationContext: initialization completed in 1300 ms
2022-04-05 23:23:16.653  INFO 28324 --- [main] o.hibernate.jpa.internal.util.LogHelper  : HHH000204: Processing PersistenceUnitInfo [name: default]
2022-04-05 23:23:16.745  INFO 28324 --- [main] org.hibernate.Version                    : HHH000412: Hibernate ORM core version 5.6.5.Final
2022-04-05 23:23:16.958  INFO 28324 --- [main] o.hibernate.annotations.common.Version   : HCANN000001: Hibernate Commons Annotations {5.1.2.Final}
2022-04-05 23:23:17.058  INFO 28324 --- [main] com.zaxxer.hikari.HikariDataSource       : HikariPool-1 - Starting...
2022-04-05 23:23:17.371  INFO 28324 --- [main] com.zaxxer.hikari.HikariDataSource       : HikariPool-1 - Start completed.
2022-04-05 23:23:17.394  INFO 28324 --- [main] org.hibernate.dialect.Dialect            : HHH000400: Using dialect: org.hibernate.dialect.MySQL8Dialect
2022-04-05 23:23:18.252  INFO 28324 --- [main] o.h.e.t.j.p.i.JtaPlatformInitiator       : HHH000490: Using JtaPlatform implementation: [org.hibernate.engine.transaction.jta.platform.internal.NoJtaPlatform]
2022-04-05 23:23:18.261  INFO 28324 --- [main] j.LocalContainerEntityManagerFactoryBean : Initialized JPA EntityManagerFactory for persistence unit 'default'
2022-04-05 23:23:18.504  WARN 28324 --- [main] JpaBaseConfiguration$JpaWebConfiguration : spring.jpa.open-in-view is enabled by default. Therefore, database queries may be performed during view rendering. Explicitly configure spring.jpa.open-in-view to disable this warning
2022-04-05 23:23:18.844  INFO 28324 --- [main] o.s.b.w.embedded.tomcat.TomcatWebServer  : Tomcat started on port(s): 8080 (http) with context path ''
2022-04-05 23:23:18.852  INFO 28324 --- [main] c.H.S.SpringBootRestSerivicesApplication : Started SpringBootRestSerivicesApplication in 4.126 seconds (JVM running for 5.007)
2022-04-05 23:23:19.602  INFO 28324 --- [http-nio-8080-exec-2] o.a.c.c.C.[Tomcat].[localhost].[/]       : Initializing Spring DispatcherServlet 'dispatcherServlet'
2022-04-05 23:23:19.602  INFO 28324 --- [http-nio-8080-exec-2] o.s.web.servlet.DispatcherServlet        : Initializing Servlet 'dispatcherServlet'
2022-04-05 23:23:19.603  INFO 28324 --- [http-nio-8080-exec-2] o.s.web.servlet.DispatcherServlet        : Completed initialization in 0 ms
2022-04-05 23:23:19.782  INFO 28324 --- [http-nio-8080-exec-2] c.H.S.controller.libraryController       : Book was Existing so skipping this one
2022-04-05 23:23:21.014  INFO 28324 --- [http-nio-8080-exec-3] c.H.S.controller.libraryController       : Book was Existing so skipping this one
2022-04-05 23:23:21.810  INFO 28324 --- [http-nio-8080-exec-4] c.H.S.controller.libraryController       : Book was Existing so skipping this one
2022-04-05 23:23:38.592  INFO 28324 --- [http-nio-8080-exec-5] c.H.S.controller.libraryController       : Book was Existing so skipping this one
2022-04-05 23:23:39.391  INFO 28324 --- [http-nio-8080-exec-6] c.H.S.controller.libraryController       : Book was Existing so skipping this one
