2022-08-31 00:53:11.328  INFO 32412 --- [main] c.H.S.SpringBootRestSerivicesApplication : Starting SpringBootRestSerivicesApplication using Java 17.0.2 on LAPTOP-N9EOBAOR with PID 32412 (C:\Users\hp\Downloads\SpringBootRestSerivices\target\classes started by hp in C:\Users\hp\Downloads\SpringBootRestSerivices)
2022-08-31 00:53:11.342  INFO 32412 --- [main] c.H.S.SpringBootRestSerivicesApplication : No active profile set, falling back to 1 default profile: "default"
2022-08-31 00:53:12.283  INFO 32412 --- [main] .s.d.r.c.RepositoryConfigurationDelegate : Bootstrapping Spring Data JPA repositories in DEFAULT mode.
2022-08-31 00:53:12.333  INFO 32412 --- [main] .s.d.r.c.RepositoryConfigurationDelegate : Finished Spring Data repository scanning in 42 ms. Found 1 JPA repository interfaces.
2022-08-31 00:53:13.239  INFO 32412 --- [main] o.s.b.w.embedded.tomcat.TomcatWebServer  : Tomcat initialized with port(s): 4200 (http)
2022-08-31 00:53:13.259  INFO 32412 --- [main] o.apache.catalina.core.StandardService   : Starting service [Tomcat]
2022-08-31 00:53:13.260  INFO 32412 --- [main] org.apache.catalina.core.StandardEngine  : Starting Servlet engine: [Apache Tomcat/9.0.58]
2022-08-31 00:53:13.431  INFO 32412 --- [main] o.a.c.c.C.[Tomcat].[localhost].[/]       : Initializing Spring embedded WebApplicationContext
2022-08-31 00:53:13.432  INFO 32412 --- [main] w.s.c.ServletWebServerApplicationContext : Root WebApplicationContext: initialization completed in 2010 ms
2022-08-31 00:53:13.708  INFO 32412 --- [main] o.hibernate.jpa.internal.util.LogHelper  : HHH000204: Processing PersistenceUnitInfo [name: default]
2022-08-31 00:53:13.809  INFO 32412 --- [main] org.hibernate.Version                    : HHH000412: Hibernate ORM core version 5.6.5.Final
2022-08-31 00:53:13.991  INFO 32412 --- [main] o.hibernate.annotations.common.Version   : HCANN000001: Hibernate Commons Annotations {5.1.2.Final}
2022-08-31 00:53:14.213  INFO 32412 --- [main] com.zaxxer.hikari.HikariDataSource       : HikariPool-1 - Starting...
2022-08-31 00:53:15.142  INFO 32412 --- [main] com.zaxxer.hikari.HikariDataSource       : HikariPool-1 - Start completed.
2022-08-31 00:53:15.192  INFO 32412 --- [main] org.hibernate.dialect.Dialect            : HHH000400: Using dialect: org.hibernate.dialect.MySQL8Dialect
2022-08-31 00:53:16.680  INFO 32412 --- [main] o.h.e.t.j.p.i.JtaPlatformInitiator       : HHH000490: Using JtaPlatform implementation: [org.hibernate.engine.transaction.jta.platform.internal.NoJtaPlatform]
2022-08-31 00:53:16.697  INFO 32412 --- [main] j.LocalContainerEntityManagerFactoryBean : Initialized JPA EntityManagerFactory for persistence unit 'default'
2022-08-31 00:53:17.083  WARN 32412 --- [main] JpaBaseConfiguration$JpaWebConfiguration : spring.jpa.open-in-view is enabled by default. Therefore, database queries may be performed during view rendering. Explicitly configure spring.jpa.open-in-view to disable this warning
2022-08-31 00:53:17.663  INFO 32412 --- [main] o.s.b.w.embedded.tomcat.TomcatWebServer  : Tomcat started on port(s): 4200 (http) with context path ''
2022-08-31 00:53:17.681  INFO 32412 --- [main] c.H.S.SpringBootRestSerivicesApplication : Started SpringBootRestSerivicesApplication in 6.948 seconds (JVM running for 8.137)
2022-08-31 00:54:11.662  INFO 32412 --- [http-nio-4200-exec-2] o.a.c.c.C.[Tomcat].[localhost].[/]       : Initializing Spring DispatcherServlet 'dispatcherServlet'
2022-08-31 00:54:11.664  INFO 32412 --- [http-nio-4200-exec-2] o.s.web.servlet.DispatcherServlet        : Initializing Servlet 'dispatcherServlet'
2022-08-31 00:54:11.665  INFO 32412 --- [http-nio-4200-exec-2] o.s.web.servlet.DispatcherServlet        : Completed initialization in 1 ms
2022-08-31 00:54:40.752  INFO 32412 --- [http-nio-4200-exec-4] c.H.S.controller.libraryController       : Book was Existing so skipping this one
2022-08-31 00:54:56.748  INFO 32412 --- [http-nio-4200-exec-5] c.H.S.controller.libraryController       : Book does not exist creating one
2022-08-31 00:55:01.443  INFO 32412 --- [http-nio-4200-exec-7] c.H.S.controller.libraryController       : Book was Existing so skipping this one
2022-08-31 00:55:03.410  INFO 32412 --- [http-nio-4200-exec-6] c.H.S.controller.libraryController       : Book was Existing so skipping this one
2022-08-31 00:57:22.662  INFO 32412 --- [RMI TCP Connection(2)-127.0.0.1] inMXBeanRegistrar$SpringApplicationAdmin : Application shutdown requested.
2022-08-31 00:57:22.692  INFO 32412 --- [RMI TCP Connection(2)-127.0.0.1] j.LocalContainerEntityManagerFactoryBean : Closing JPA EntityManagerFactory for persistence unit 'default'
2022-08-31 00:57:22.694  INFO 32412 --- [RMI TCP Connection(2)-127.0.0.1] com.zaxxer.hikari.HikariDataSource       : HikariPool-1 - Shutdown initiated...
2022-08-31 00:57:22.703  INFO 32412 --- [RMI TCP Connection(2)-127.0.0.1] com.zaxxer.hikari.HikariDataSource       : HikariPool-1 - Shutdown completed.
2022-08-31 00:57:27.198  INFO 34304 --- [main] c.H.S.SpringBootRestSerivicesApplication : Starting SpringBootRestSerivicesApplication using Java 17.0.2 on LAPTOP-N9EOBAOR with PID 34304 (C:\Users\hp\Downloads\SpringBootRestSerivices\target\classes started by hp in C:\Users\hp\Downloads\SpringBootRestSerivices)
2022-08-31 00:57:27.201  INFO 34304 --- [main] c.H.S.SpringBootRestSerivicesApplication : No active profile set, falling back to 1 default profile: "default"
2022-08-31 00:57:28.265  INFO 34304 --- [main] .s.d.r.c.RepositoryConfigurationDelegate : Bootstrapping Spring Data JPA repositories in DEFAULT mode.
2022-08-31 00:57:28.356  INFO 34304 --- [main] .s.d.r.c.RepositoryConfigurationDelegate : Finished Spring Data repository scanning in 74 ms. Found 1 JPA repository interfaces.
2022-08-31 00:57:29.165  INFO 34304 --- [main] o.s.b.w.embedded.tomcat.TomcatWebServer  : Tomcat initialized with port(s): 4200 (http)
2022-08-31 00:57:29.192  INFO 34304 --- [main] o.apache.catalina.core.StandardService   : Starting service [Tomcat]
2022-08-31 00:57:29.193  INFO 34304 --- [main] org.apache.catalina.core.StandardEngine  : Starting Servlet engine: [Apache Tomcat/9.0.58]
2022-08-31 00:57:29.331  INFO 34304 --- [main] o.a.c.c.C.[Tomcat].[localhost].[/]       : Initializing Spring embedded WebApplicationContext
2022-08-31 00:57:29.332  INFO 34304 --- [main] w.s.c.ServletWebServerApplicationContext : Root WebApplicationContext: initialization completed in 2024 ms
2022-08-31 00:57:29.611  INFO 34304 --- [main] o.hibernate.jpa.internal.util.LogHelper  : HHH000204: Processing PersistenceUnitInfo [name: default]
2022-08-31 00:57:29.666  INFO 34304 --- [main] org.hibernate.Version                    : HHH000412: Hibernate ORM core version 5.6.5.Final
2022-08-31 00:57:29.847  INFO 34304 --- [main] o.hibernate.annotations.common.Version   : HCANN000001: Hibernate Commons Annotations {5.1.2.Final}
2022-08-31 00:57:29.937  INFO 34304 --- [main] com.zaxxer.hikari.HikariDataSource       : HikariPool-1 - Starting...
2022-08-31 00:57:30.308  INFO 34304 --- [main] com.zaxxer.hikari.HikariDataSource       : HikariPool-1 - Start completed.
2022-08-31 00:57:30.344  INFO 34304 --- [main] org.hibernate.dialect.Dialect            : HHH000400: Using dialect: org.hibernate.dialect.MySQL8Dialect
2022-08-31 00:57:31.366  INFO 34304 --- [main] o.h.e.t.j.p.i.JtaPlatformInitiator       : HHH000490: Using JtaPlatform implementation: [org.hibernate.engine.transaction.jta.platform.internal.NoJtaPlatform]
2022-08-31 00:57:31.375  INFO 34304 --- [main] j.LocalContainerEntityManagerFactoryBean : Initialized JPA EntityManagerFactory for persistence unit 'default'
2022-08-31 00:57:31.700  WARN 34304 --- [main] JpaBaseConfiguration$JpaWebConfiguration : spring.jpa.open-in-view is enabled by default. Therefore, database queries may be performed during view rendering. Explicitly configure spring.jpa.open-in-view to disable this warning
2022-08-31 00:57:32.078  INFO 34304 --- [main] o.s.b.w.embedded.tomcat.TomcatWebServer  : Tomcat started on port(s): 4200 (http) with context path ''
2022-08-31 00:57:32.093  INFO 34304 --- [main] c.H.S.SpringBootRestSerivicesApplication : Started SpringBootRestSerivicesApplication in 5.455 seconds (JVM running for 6.681)
2022-08-31 00:57:34.358  INFO 34304 --- [http-nio-4200-exec-1] o.a.c.c.C.[Tomcat].[localhost].[/]       : Initializing Spring DispatcherServlet 'dispatcherServlet'
2022-08-31 00:57:34.358  INFO 34304 --- [http-nio-4200-exec-1] o.s.web.servlet.DispatcherServlet        : Initializing Servlet 'dispatcherServlet'
2022-08-31 00:57:34.359  INFO 34304 --- [http-nio-4200-exec-1] o.s.web.servlet.DispatcherServlet        : Completed initialization in 1 ms
2022-08-31 00:58:06.713  INFO 34304 --- [RMI TCP Connection(2)-127.0.0.1] inMXBeanRegistrar$SpringApplicationAdmin : Application shutdown requested.
2022-08-31 00:58:06.746  INFO 34304 --- [RMI TCP Connection(2)-127.0.0.1] j.LocalContainerEntityManagerFactoryBean : Closing JPA EntityManagerFactory for persistence unit 'default'
2022-08-31 00:58:06.748  INFO 34304 --- [RMI TCP Connection(2)-127.0.0.1] com.zaxxer.hikari.HikariDataSource       : HikariPool-1 - Shutdown initiated...
2022-08-31 00:58:06.760  INFO 34304 --- [RMI TCP Connection(2)-127.0.0.1] com.zaxxer.hikari.HikariDataSource       : HikariPool-1 - Shutdown completed.
2022-08-31 00:59:36.077  INFO 37192 --- [main] c.H.S.SpringBootRestSerivicesApplication : Starting SpringBootRestSerivicesApplication using Java 17.0.2 on LAPTOP-N9EOBAOR with PID 37192 (C:\Users\hp\Downloads\SpringBootRestSerivices\target\classes started by hp in C:\Users\hp\Downloads\SpringBootRestSerivices)
2022-08-31 00:59:36.080  INFO 37192 --- [main] c.H.S.SpringBootRestSerivicesApplication : No active profile set, falling back to 1 default profile: "default"
2022-08-31 00:59:36.865  INFO 37192 --- [main] .s.d.r.c.RepositoryConfigurationDelegate : Bootstrapping Spring Data JPA repositories in DEFAULT mode.
2022-08-31 00:59:36.938  INFO 37192 --- [main] .s.d.r.c.RepositoryConfigurationDelegate : Finished Spring Data repository scanning in 52 ms. Found 1 JPA repository interfaces.
2022-08-31 00:59:37.580  INFO 37192 --- [main] o.s.b.w.embedded.tomcat.TomcatWebServer  : Tomcat initialized with port(s): 4200 (http)
2022-08-31 00:59:37.588  INFO 37192 --- [main] o.apache.catalina.core.StandardService   : Starting service [Tomcat]
2022-08-31 00:59:37.588  INFO 37192 --- [main] org.apache.catalina.core.StandardEngine  : Starting Servlet engine: [Apache Tomcat/9.0.58]
2022-08-31 00:59:37.680  INFO 37192 --- [main] o.a.c.c.C.[Tomcat].[localhost].[/]       : Initializing Spring embedded WebApplicationContext
2022-08-31 00:59:37.680  INFO 37192 --- [main] w.s.c.ServletWebServerApplicationContext : Root WebApplicationContext: initialization completed in 1558 ms
2022-08-31 00:59:37.886  INFO 37192 --- [main] o.hibernate.jpa.internal.util.LogHelper  : HHH000204: Processing PersistenceUnitInfo [name: default]
2022-08-31 00:59:37.941  INFO 37192 --- [main] org.hibernate.Version                    : HHH000412: Hibernate ORM core version 5.6.5.Final
2022-08-31 00:59:38.191  INFO 37192 --- [main] o.hibernate.annotations.common.Version   : HCANN000001: Hibernate Commons Annotations {5.1.2.Final}
2022-08-31 00:59:38.329  INFO 37192 --- [main] com.zaxxer.hikari.HikariDataSource       : HikariPool-1 - Starting...
2022-08-31 00:59:38.727  INFO 37192 --- [main] com.zaxxer.hikari.HikariDataSource       : HikariPool-1 - Start completed.
2022-08-31 00:59:38.740  INFO 37192 --- [main] org.hibernate.dialect.Dialect            : HHH000400: Using dialect: org.hibernate.dialect.MySQL8Dialect
2022-08-31 00:59:39.405  INFO 37192 --- [main] o.h.e.t.j.p.i.JtaPlatformInitiator       : HHH000490: Using JtaPlatform implementation: [org.hibernate.engine.transaction.jta.platform.internal.NoJtaPlatform]
2022-08-31 00:59:39.414  INFO 37192 --- [main] j.LocalContainerEntityManagerFactoryBean : Initialized JPA EntityManagerFactory for persistence unit 'default'
2022-08-31 00:59:39.739  WARN 37192 --- [main] JpaBaseConfiguration$JpaWebConfiguration : spring.jpa.open-in-view is enabled by default. Therefore, database queries may be performed during view rendering. Explicitly configure spring.jpa.open-in-view to disable this warning
2022-08-31 00:59:40.019  INFO 37192 --- [main] o.s.b.w.embedded.tomcat.TomcatWebServer  : Tomcat started on port(s): 4200 (http) with context path ''
2022-08-31 00:59:40.027  INFO 37192 --- [main] c.H.S.SpringBootRestSerivicesApplication : Started SpringBootRestSerivicesApplication in 4.385 seconds (JVM running for 5.395)
2022-08-31 00:59:43.352  INFO 37192 --- [http-nio-4200-exec-1] o.a.c.c.C.[Tomcat].[localhost].[/]       : Initializing Spring DispatcherServlet 'dispatcherServlet'
2022-08-31 00:59:43.353  INFO 37192 --- [http-nio-4200-exec-1] o.s.web.servlet.DispatcherServlet        : Initializing Servlet 'dispatcherServlet'
2022-08-31 00:59:43.354  INFO 37192 --- [http-nio-4200-exec-1] o.s.web.servlet.DispatcherServlet        : Completed initialization in 1 ms
2022-08-31 01:00:06.125  INFO 37192 --- [RMI TCP Connection(2)-127.0.0.1] inMXBeanRegistrar$SpringApplicationAdmin : Application shutdown requested.
2022-08-31 01:00:06.156  INFO 37192 --- [RMI TCP Connection(2)-127.0.0.1] j.LocalContainerEntityManagerFactoryBean : Closing JPA EntityManagerFactory for persistence unit 'default'
2022-08-31 01:00:06.159  INFO 37192 --- [RMI TCP Connection(2)-127.0.0.1] com.zaxxer.hikari.HikariDataSource       : HikariPool-1 - Shutdown initiated...
2022-08-31 01:00:06.169  INFO 37192 --- [RMI TCP Connection(2)-127.0.0.1] com.zaxxer.hikari.HikariDataSource       : HikariPool-1 - Shutdown completed.
2022-08-31 01:00:09.022  INFO 34720 --- [main] c.H.S.SpringBootRestSerivicesApplication : Starting SpringBootRestSerivicesApplication using Java 17.0.2 on LAPTOP-N9EOBAOR with PID 34720 (C:\Users\hp\Downloads\SpringBootRestSerivices\target\classes started by hp in C:\Users\hp\Downloads\SpringBootRestSerivices)
2022-08-31 01:00:09.026  INFO 34720 --- [main] c.H.S.SpringBootRestSerivicesApplication : No active profile set, falling back to 1 default profile: "default"
2022-08-31 01:00:09.894  INFO 34720 --- [main] .s.d.r.c.RepositoryConfigurationDelegate : Bootstrapping Spring Data JPA repositories in DEFAULT mode.
2022-08-31 01:00:09.972  INFO 34720 --- [main] .s.d.r.c.RepositoryConfigurationDelegate : Finished Spring Data repository scanning in 69 ms. Found 1 JPA repository interfaces.
2022-08-31 01:00:10.857  INFO 34720 --- [main] o.s.b.w.embedded.tomcat.TomcatWebServer  : Tomcat initialized with port(s): 8080 (http)
2022-08-31 01:00:10.878  INFO 34720 --- [main] o.apache.catalina.core.StandardService   : Starting service [Tomcat]
2022-08-31 01:00:10.880  INFO 34720 --- [main] org.apache.catalina.core.StandardEngine  : Starting Servlet engine: [Apache Tomcat/9.0.58]
2022-08-31 01:00:11.042  INFO 34720 --- [main] o.a.c.c.C.[Tomcat].[localhost].[/]       : Initializing Spring embedded WebApplicationContext
2022-08-31 01:00:11.043  INFO 34720 --- [main] w.s.c.ServletWebServerApplicationContext : Root WebApplicationContext: initialization completed in 1953 ms
2022-08-31 01:00:11.369  INFO 34720 --- [main] o.hibernate.jpa.internal.util.LogHelper  : HHH000204: Processing PersistenceUnitInfo [name: default]
2022-08-31 01:00:11.420  INFO 34720 --- [main] org.hibernate.Version                    : HHH000412: Hibernate ORM core version 5.6.5.Final
2022-08-31 01:00:11.616  INFO 34720 --- [main] o.hibernate.annotations.common.Version   : HCANN000001: Hibernate Commons Annotations {5.1.2.Final}
2022-08-31 01:00:11.772  INFO 34720 --- [main] com.zaxxer.hikari.HikariDataSource       : HikariPool-1 - Starting...
2022-08-31 01:00:12.410  INFO 34720 --- [main] com.zaxxer.hikari.HikariDataSource       : HikariPool-1 - Start completed.
2022-08-31 01:00:12.426  INFO 34720 --- [main] org.hibernate.dialect.Dialect            : HHH000400: Using dialect: org.hibernate.dialect.MySQL8Dialect
2022-08-31 01:00:13.309  INFO 34720 --- [main] o.h.e.t.j.p.i.JtaPlatformInitiator       : HHH000490: Using JtaPlatform implementation: [org.hibernate.engine.transaction.jta.platform.internal.NoJtaPlatform]
2022-08-31 01:00:13.325  INFO 34720 --- [main] j.LocalContainerEntityManagerFactoryBean : Initialized JPA EntityManagerFactory for persistence unit 'default'
2022-08-31 01:00:13.676  WARN 34720 --- [main] JpaBaseConfiguration$JpaWebConfiguration : spring.jpa.open-in-view is enabled by default. Therefore, database queries may be performed during view rendering. Explicitly configure spring.jpa.open-in-view to disable this warning
2022-08-31 01:00:14.295  INFO 34720 --- [main] o.s.b.w.embedded.tomcat.TomcatWebServer  : Tomcat started on port(s): 8080 (http) with context path ''
2022-08-31 01:00:14.307  INFO 34720 --- [main] c.H.S.SpringBootRestSerivicesApplication : Started SpringBootRestSerivicesApplication in 5.868 seconds (JVM running for 6.897)
2022-08-31 01:00:19.027  INFO 34720 --- [http-nio-8080-exec-1] o.a.c.c.C.[Tomcat].[localhost].[/]       : Initializing Spring DispatcherServlet 'dispatcherServlet'
2022-08-31 01:00:19.028  INFO 34720 --- [http-nio-8080-exec-1] o.s.web.servlet.DispatcherServlet        : Initializing Servlet 'dispatcherServlet'
2022-08-31 01:00:19.030  INFO 34720 --- [http-nio-8080-exec-1] o.s.web.servlet.DispatcherServlet        : Completed initialization in 2 ms
2022-08-31 01:00:31.303  INFO 34720 --- [RMI TCP Connection(2)-127.0.0.1] inMXBeanRegistrar$SpringApplicationAdmin : Application shutdown requested.
2022-08-31 01:00:31.327  INFO 34720 --- [RMI TCP Connection(2)-127.0.0.1] j.LocalContainerEntityManagerFactoryBean : Closing JPA EntityManagerFactory for persistence unit 'default'
2022-08-31 01:00:31.329  INFO 34720 --- [RMI TCP Connection(2)-127.0.0.1] com.zaxxer.hikari.HikariDataSource       : HikariPool-1 - Shutdown initiated...
2022-08-31 01:00:31.339  INFO 34720 --- [RMI TCP Connection(2)-127.0.0.1] com.zaxxer.hikari.HikariDataSource       : HikariPool-1 - Shutdown completed.
2022-08-31 01:00:52.121  INFO 35124 --- [main] c.H.S.SpringBootRestSerivicesApplication : Starting SpringBootRestSerivicesApplication using Java 17.0.2 on LAPTOP-N9EOBAOR with PID 35124 (C:\Users\hp\Downloads\SpringBootRestSerivices\target\classes started by hp in C:\Users\hp\Downloads\SpringBootRestSerivices)
2022-08-31 01:00:52.125  INFO 35124 --- [main] c.H.S.SpringBootRestSerivicesApplication : No active profile set, falling back to 1 default profile: "default"
2022-08-31 01:00:52.805  INFO 35124 --- [main] .s.d.r.c.RepositoryConfigurationDelegate : Bootstrapping Spring Data JPA repositories in DEFAULT mode.
2022-08-31 01:00:52.901  INFO 35124 --- [main] .s.d.r.c.RepositoryConfigurationDelegate : Finished Spring Data repository scanning in 79 ms. Found 1 JPA repository interfaces.
2022-08-31 01:00:53.622  INFO 35124 --- [main] o.s.b.w.embedded.tomcat.TomcatWebServer  : Tomcat initialized with port(s): 8080 (http)
2022-08-31 01:00:53.635  INFO 35124 --- [main] o.apache.catalina.core.StandardService   : Starting service [Tomcat]
2022-08-31 01:00:53.635  INFO 35124 --- [main] org.apache.catalina.core.StandardEngine  : Starting Servlet engine: [Apache Tomcat/9.0.58]
2022-08-31 01:00:53.775  INFO 35124 --- [main] o.a.c.c.C.[Tomcat].[localhost].[/]       : Initializing Spring embedded WebApplicationContext
2022-08-31 01:00:53.776  INFO 35124 --- [main] w.s.c.ServletWebServerApplicationContext : Root WebApplicationContext: initialization completed in 1609 ms
2022-08-31 01:00:53.991  INFO 35124 --- [main] o.hibernate.jpa.internal.util.LogHelper  : HHH000204: Processing PersistenceUnitInfo [name: default]
2022-08-31 01:00:54.031  INFO 35124 --- [main] org.hibernate.Version                    : HHH000412: Hibernate ORM core version 5.6.5.Final
2022-08-31 01:00:54.162  INFO 35124 --- [main] o.hibernate.annotations.common.Version   : HCANN000001: Hibernate Commons Annotations {5.1.2.Final}
2022-08-31 01:00:54.245  INFO 35124 --- [main] com.zaxxer.hikari.HikariDataSource       : HikariPool-1 - Starting...
2022-08-31 01:00:54.798  INFO 35124 --- [main] com.zaxxer.hikari.HikariDataSource       : HikariPool-1 - Start completed.
2022-08-31 01:00:54.821  INFO 35124 --- [main] org.hibernate.dialect.Dialect            : HHH000400: Using dialect: org.hibernate.dialect.MySQL8Dialect
2022-08-31 01:00:55.644  INFO 35124 --- [main] o.h.e.t.j.p.i.JtaPlatformInitiator       : HHH000490: Using JtaPlatform implementation: [org.hibernate.engine.transaction.jta.platform.internal.NoJtaPlatform]
2022-08-31 01:00:55.659  INFO 35124 --- [main] j.LocalContainerEntityManagerFactoryBean : Initialized JPA EntityManagerFactory for persistence unit 'default'
2022-08-31 01:00:55.981  WARN 35124 --- [main] JpaBaseConfiguration$JpaWebConfiguration : spring.jpa.open-in-view is enabled by default. Therefore, database queries may be performed during view rendering. Explicitly configure spring.jpa.open-in-view to disable this warning
2022-08-31 01:00:56.517  INFO 35124 --- [main] o.s.b.w.embedded.tomcat.TomcatWebServer  : Tomcat started on port(s): 8080 (http) with context path ''
2022-08-31 01:00:56.527  INFO 35124 --- [main] c.H.S.SpringBootRestSerivicesApplication : Started SpringBootRestSerivicesApplication in 5.054 seconds (JVM running for 5.905)
2022-08-31 01:01:36.758  INFO 35124 --- [RMI TCP Connection(2)-127.0.0.1] inMXBeanRegistrar$SpringApplicationAdmin : Application shutdown requested.
2022-08-31 01:01:36.805  INFO 35124 --- [RMI TCP Connection(2)-127.0.0.1] j.LocalContainerEntityManagerFactoryBean : Closing JPA EntityManagerFactory for persistence unit 'default'
2022-08-31 01:01:36.808  INFO 35124 --- [RMI TCP Connection(2)-127.0.0.1] com.zaxxer.hikari.HikariDataSource       : HikariPool-1 - Shutdown initiated...
2022-08-31 01:01:36.824  INFO 35124 --- [RMI TCP Connection(2)-127.0.0.1] com.zaxxer.hikari.HikariDataSource       : HikariPool-1 - Shutdown completed.
